This file contains any messages produced by compilers while
running configure, to aid debugging if configure makes a mistake.

It was created by configure, which was
generated by GNU Autoconf 2.65.  Invocation command line was

  $ ./configure 

## --------- ##
## Platform. ##
## --------- ##

hostname = methodmissing-2.local
uname -m = i386
uname -r = 10.7.0
uname -s = Darwin
uname -v = Darwin Kernel Version 10.7.0: Sat Jan 29 15:17:16 PST 2011; root:xnu-1504.9.37~1/RELEASE_I386

/usr/bin/uname -p = i386
/bin/uname -X     = unknown

/bin/arch              = unknown
/usr/bin/arch -k       = unknown
/usr/convex/getsysinfo = unknown
/usr/bin/hostinfo      = Mach kernel version:
	 Darwin Kernel Version 10.7.0: Sat Jan 29 15:17:16 PST 2011; root:xnu-1504.9.37~1/RELEASE_I386
Kernel configured for up to 4 processors.
2 processors are physically available.
4 processors are logically available.
Processor type: i486 (Intel 80486)
Processors active: 0 1 2 3
Primary memory available: 8.00 gigabytes
Default processor set: 104 tasks, 581 threads, 4 processors
Load average: 1.99, Mach factor: 2.01
/bin/machine           = unknown
/usr/bin/oslevel       = unknown
/bin/universe          = unknown

PATH: /Users/lourens/.rvm/gems/ruby-1.9.2-rc1/bin
PATH: /Users/lourens/.rvm/gems/ruby-1.9.2-rc1@global/bin
PATH: /Users/lourens/.rvm/rubies/ruby-1.9.2-rc1/bin
PATH: /Users/lourens/.rvm/bin
PATH: /opt/local/lib/ruby/gems/bin
PATH: /opt/local/lib/postgresql83/bin
PATH: /opt/local/lib/erlang/lib/rabbitmq-server-1.6.0/scripts
PATH: /Library/Frameworks/Python.framework/Versions/Current/bin
PATH: /opt/local/bin
PATH: /opt/local/sbin
PATH: /usr/local/bin
PATH: /usr/bin
PATH: /bin
PATH: /usr/sbin
PATH: /sbin
PATH: /usr/X11/bin
PATH: /opt/local/jruby/bin
PATH: /Users/lourens/installs/qpid-M4/bin


## ----------- ##
## Core tests. ##
## ----------- ##

configure:2341: checking for a BSD-compatible install
configure:2409: result: /usr/bin/install -c
configure:2420: checking whether build environment is sane
configure:2470: result: yes
configure:2611: checking for a thread-safe mkdir -p
configure:2650: result: ./install-sh -c -d
configure:2663: checking for gawk
configure:2679: found /opt/local/bin/gawk
configure:2690: result: gawk
configure:2701: checking whether make sets $(MAKE)
configure:2723: result: yes
configure:2804: checking whether to enable maintainer-specific portions of Makefiles
configure:2813: result: no
configure:2839: checking for style of include used by make
configure:2867: result: GNU
configure:2937: checking for gcc
configure:2953: found /opt/local/bin/gcc
configure:2964: result: gcc
configure:3193: checking for C compiler version
configure:3202: gcc --version >&5
i686-apple-darwin10-gcc-4.2.1 (GCC) 4.2.1 (Apple Inc. build 5666) (dot 3)
Copyright (C) 2007 Free Software Foundation, Inc.
This is free software; see the source for copying conditions.  There is NO
warranty; not even for MERCHANTABILITY or FITNESS FOR A PARTICULAR PURPOSE.

configure:3213: $? = 0
configure:3202: gcc -v >&5
Using built-in specs.
Target: i686-apple-darwin10
Configured with: /var/tmp/gcc/gcc-5666.3~123/src/configure --disable-checking --enable-werror --prefix=/usr --mandir=/share/man --enable-languages=c,objc,c++,obj-c++ --program-transform-name=/^[cg][^.-]*$/s/$/-4.2/ --with-slibdir=/usr/lib --build=i686-apple-darwin10 --program-prefix=i686-apple-darwin10- --host=x86_64-apple-darwin10 --target=i686-apple-darwin10 --with-gxx-include-dir=/include/c++/4.2.1
Thread model: posix
gcc version 4.2.1 (Apple Inc. build 5666) (dot 3)
configure:3213: $? = 0
configure:3202: gcc -V >&5
gcc-4.2: argument to `-V' is missing
configure:3213: $? = 1
configure:3202: gcc -qversion >&5
i686-apple-darwin10-gcc-4.2.1: no input files
configure:3213: $? = 1
configure:3233: checking whether the C compiler works
configure:3255: gcc    conftest.c  >&5
configure:3259: $? = 0
configure:3308: result: yes
configure:3311: checking for C compiler default output file name
configure:3313: result: a.out
configure:3319: checking for suffix of executables
configure:3326: gcc -o conftest    conftest.c  >&5
configure:3330: $? = 0
configure:3352: result: 
configure:3374: checking whether we are cross compiling
configure:3382: gcc -o conftest    conftest.c  >&5
configure:3386: $? = 0
configure:3393: ./conftest
configure:3397: $? = 0
configure:3412: result: no
configure:3417: checking for suffix of object files
configure:3439: gcc -c   conftest.c >&5
configure:3443: $? = 0
configure:3464: result: o
configure:3468: checking whether we are using the GNU C compiler
configure:3487: gcc -c   conftest.c >&5
configure:3487: $? = 0
configure:3496: result: yes
configure:3505: checking whether gcc accepts -g
configure:3525: gcc -c -g  conftest.c >&5
configure:3525: $? = 0
configure:3566: result: yes
configure:3583: checking for gcc option to accept ISO C89
configure:3647: gcc  -c -g -O2  conftest.c >&5
configure:3647: $? = 0
configure:3660: result: none needed
configure:3682: checking dependency style of gcc
configure:3792: result: none
configure:3813: checking how to run the C preprocessor
configure:3844: gcc -E  conftest.c
configure:3844: $? = 0
configure:3858: gcc -E  conftest.c
conftest.c:11:28: error: ac_nonexistent.h: No such file or directory
configure:3858: $? = 1
configure: failed program was:
| /* confdefs.h */
| #define PACKAGE_NAME ""
| #define PACKAGE_TARNAME ""
| #define PACKAGE_VERSION ""
| #define PACKAGE_STRING ""
| #define PACKAGE_BUGREPORT ""
| #define PACKAGE_URL ""
| #define PACKAGE "libeio"
| #define VERSION "1.0"
| /* end confdefs.h.  */
| #include <ac_nonexistent.h>
configure:3883: result: gcc -E
configure:3903: gcc -E  conftest.c
configure:3903: $? = 0
configure:3917: gcc -E  conftest.c
conftest.c:11:28: error: ac_nonexistent.h: No such file or directory
configure:3917: $? = 1
configure: failed program was:
| /* confdefs.h */
| #define PACKAGE_NAME ""
| #define PACKAGE_TARNAME ""
| #define PACKAGE_VERSION ""
| #define PACKAGE_STRING ""
| #define PACKAGE_BUGREPORT ""
| #define PACKAGE_URL ""
| #define PACKAGE "libeio"
| #define VERSION "1.0"
| /* end confdefs.h.  */
| #include <ac_nonexistent.h>
configure:3946: checking for grep that handles long lines and -e
configure:4004: result: /usr/bin/grep
configure:4009: checking for egrep
configure:4071: result: /usr/bin/grep -E
configure:4076: checking for ANSI C header files
configure:4096: gcc -c -g -O2  conftest.c >&5
configure:4096: $? = 0
configure:4169: gcc -o conftest -g -O2   conftest.c  >&5
configure:4169: $? = 0
configure:4169: ./conftest
configure:4169: $? = 0
configure:4180: result: yes
configure:4193: checking for sys/types.h
configure:4193: gcc -c -g -O2  conftest.c >&5
configure:4193: $? = 0
configure:4193: result: yes
configure:4193: checking for sys/stat.h
configure:4193: gcc -c -g -O2  conftest.c >&5
configure:4193: $? = 0
configure:4193: result: yes
configure:4193: checking for stdlib.h
configure:4193: gcc -c -g -O2  conftest.c >&5
configure:4193: $? = 0
configure:4193: result: yes
configure:4193: checking for string.h
configure:4193: gcc -c -g -O2  conftest.c >&5
configure:4193: $? = 0
configure:4193: result: yes
configure:4193: checking for memory.h
configure:4193: gcc -c -g -O2  conftest.c >&5
configure:4193: $? = 0
configure:4193: result: yes
configure:4193: checking for strings.h
configure:4193: gcc -c -g -O2  conftest.c >&5
configure:4193: $? = 0
configure:4193: result: yes
configure:4193: checking for inttypes.h
configure:4193: gcc -c -g -O2  conftest.c >&5
configure:4193: $? = 0
configure:4193: result: yes
configure:4193: checking for stdint.h
configure:4193: gcc -c -g -O2  conftest.c >&5
configure:4193: $? = 0
configure:4193: result: yes
configure:4193: checking for unistd.h
configure:4193: gcc -c -g -O2  conftest.c >&5
configure:4193: $? = 0
configure:4193: result: yes
configure:4207: checking minix/config.h usability
configure:4207: gcc -c -g -O2  conftest.c >&5
conftest.c:54:26: error: minix/config.h: No such file or directory
configure:4207: $? = 1
configure: failed program was:
| /* confdefs.h */
| #define PACKAGE_NAME ""
| #define PACKAGE_TARNAME ""
| #define PACKAGE_VERSION ""
| #define PACKAGE_STRING ""
| #define PACKAGE_BUGREPORT ""
| #define PACKAGE_URL ""
| #define PACKAGE "libeio"
| #define VERSION "1.0"
| #define STDC_HEADERS 1
| #define HAVE_SYS_TYPES_H 1
| #define HAVE_SYS_STAT_H 1
| #define HAVE_STDLIB_H 1
| #define HAVE_STRING_H 1
| #define HAVE_MEMORY_H 1
| #define HAVE_STRINGS_H 1
| #define HAVE_INTTYPES_H 1
| #define HAVE_STDINT_H 1
| #define HAVE_UNISTD_H 1
| /* end confdefs.h.  */
| #include <stdio.h>
| #ifdef HAVE_SYS_TYPES_H
| # include <sys/types.h>
| #endif
| #ifdef HAVE_SYS_STAT_H
| # include <sys/stat.h>
| #endif
| #ifdef STDC_HEADERS
| # include <stdlib.h>
| # include <stddef.h>
| #else
| # ifdef HAVE_STDLIB_H
| #  include <stdlib.h>
| # endif
| #endif
| #ifdef HAVE_STRING_H
| # if !defined STDC_HEADERS && defined HAVE_MEMORY_H
| #  include <memory.h>
| # endif
| # include <string.h>
| #endif
| #ifdef HAVE_STRINGS_H
| # include <strings.h>
| #endif
| #ifdef HAVE_INTTYPES_H
| # include <inttypes.h>
| #endif
| #ifdef HAVE_STDINT_H
| # include <stdint.h>
| #endif
| #ifdef HAVE_UNISTD_H
| # include <unistd.h>
| #endif
| #include <minix/config.h>
configure:4207: result: no
configure:4207: checking minix/config.h presence
configure:4207: gcc -E  conftest.c
conftest.c:21:26: error: minix/config.h: No such file or directory
configure:4207: $? = 1
configure: failed program was:
| /* confdefs.h */
| #define PACKAGE_NAME ""
| #define PACKAGE_TARNAME ""
| #define PACKAGE_VERSION ""
| #define PACKAGE_STRING ""
| #define PACKAGE_BUGREPORT ""
| #define PACKAGE_URL ""
| #define PACKAGE "libeio"
| #define VERSION "1.0"
| #define STDC_HEADERS 1
| #define HAVE_SYS_TYPES_H 1
| #define HAVE_SYS_STAT_H 1
| #define HAVE_STDLIB_H 1
| #define HAVE_STRING_H 1
| #define HAVE_MEMORY_H 1
| #define HAVE_STRINGS_H 1
| #define HAVE_INTTYPES_H 1
| #define HAVE_STDINT_H 1
| #define HAVE_UNISTD_H 1
| /* end confdefs.h.  */
| #include <minix/config.h>
configure:4207: result: no
configure:4207: checking for minix/config.h
configure:4207: result: no
configure:4228: checking whether it is safe to define __EXTENSIONS__
configure:4246: gcc -c -g -O2  conftest.c >&5
configure:4246: $? = 0
configure:4253: result: yes
configure:4298: checking build system type
configure:4312: result: x86_64-apple-darwin10.7.0
configure:4332: checking host system type
configure:4345: result: x86_64-apple-darwin10.7.0
configure:4365: checking for a sed that does not truncate output
configure:4429: result: /opt/local/bin/gsed
configure:4447: checking for fgrep
configure:4509: result: /usr/bin/grep -F
configure:4544: checking for ld used by gcc
configure:4611: result: /usr/libexec/gcc/i686-apple-darwin10/4.2.1/ld
configure:4618: checking if the linker (/usr/libexec/gcc/i686-apple-darwin10/4.2.1/ld) is GNU ld
configure:4633: result: no
configure:4645: checking for BSD- or MS-compatible name lister (nm)
configure:4694: result: /usr/bin/nm
configure:4812: checking the name lister (/usr/bin/nm) interface
configure:4819: gcc -c -g -O2  conftest.c >&5
configure:4822: /usr/bin/nm "conftest.o"
configure:4825: output
000000000000018c D _some_variable
configure:4832: result: BSD nm
configure:4835: checking whether ln -s works
configure:4839: result: yes
configure:4847: checking the maximum length of command line arguments
configure:4967: result: 196608
configure:4984: checking whether the shell understands some XSI constructs
configure:4994: result: yes
configure:4998: checking whether the shell understands "+="
configure:5004: result: yes
configure:5039: checking for /usr/libexec/gcc/i686-apple-darwin10/4.2.1/ld option to reload object files
configure:5046: result: -r
configure:5115: checking for objdump
configure:5145: result: no
configure:5174: checking how to recognize dependent libraries
configure:5370: result: pass_all
configure:5430: checking for ar
configure:5446: found /usr/bin/ar
configure:5457: result: ar
configure:5535: checking for strip
configure:5551: found /usr/bin/strip
configure:5562: result: strip
configure:5634: checking for ranlib
configure:5650: found /usr/bin/ranlib
configure:5661: result: ranlib
configure:5751: checking command to parse /usr/bin/nm output from gcc object
configure:5869: gcc -c -g -O2  conftest.c >&5
configure:5872: $? = 0
configure:5876: /usr/bin/nm conftest.o \| sed -n -e 's/^.*[	 ]\([BCDEGRST][BCDEGRST]*\)[	 ][	 ]*\([_A-Za-z][_A-Za-z0-9]*\)$/\1 \2 \2/p' \> conftest.nm
configure:5879: $? = 0
cannot find nm_test_var in conftest.nm
configure:5869: gcc -c -g -O2  conftest.c >&5
configure:5872: $? = 0
configure:5876: /usr/bin/nm conftest.o \| sed -n -e 's/^.*[	 ]\([BCDEGRST][BCDEGRST]*\)[	 ][	 ]*_\([_A-Za-z][_A-Za-z0-9]*\)$/\1 _\2 \2/p' \> conftest.nm
configure:5879: $? = 0
configure:5933: gcc -o conftest -g -O2   conftest.c conftstm.o >&5
configure:5936: $? = 0
configure:5974: result: ok
configure:6238: checking for dsymutil
configure:6254: found /usr/bin/dsymutil
configure:6265: result: dsymutil
configure:6330: checking for nmedit
configure:6346: found /usr/bin/nmedit
configure:6357: result: nmedit
configure:6422: checking for lipo
configure:6438: found /usr/bin/lipo
configure:6449: result: lipo
configure:6514: checking for otool
configure:6530: found /usr/bin/otool
configure:6541: result: otool
configure:6606: checking for otool64
configure:6636: result: no
configure:6681: checking for -single_module linker flag
gcc -g -O2  -o libconftest.dylib -dynamiclib -Wl,-single_module conftest.c
configure:6708: result: yes
configure:6710: checking for -exported_symbols_list linker flag
configure:6730: gcc -o conftest -g -O2   -Wl,-exported_symbols_list,conftest.sym conftest.c  >&5
configure:6730: $? = 0
configure:6740: result: yes
configure:6779: checking for dlfcn.h
configure:6779: gcc -c -g -O2  conftest.c >&5
configure:6779: $? = 0
configure:6779: result: yes
configure:6963: checking for objdir
configure:6978: result: .libs
configure:7270: checking if gcc supports -fno-rtti -fno-exceptions
configure:7288: gcc -c -g -O2  -fno-rtti -fno-exceptions conftest.c >&5
cc1: warning: command line option "-fno-rtti" is valid for C++/ObjC++ but not for C
configure:7292: $? = 0
configure:7305: result: no
configure:7325: checking for gcc option to produce PIC
configure:7597: result: -fno-common -DPIC
configure:7609: checking if gcc PIC flag -fno-common -DPIC works
configure:7627: gcc -c -g -O2  -fno-common -DPIC -DPIC conftest.c >&5
configure:7631: $? = 0
configure:7644: result: yes
configure:7668: checking if gcc static flag -static works
configure:7696: result: no
configure:7711: checking if gcc supports -c -o file.o
configure:7732: gcc -c -g -O2  -o out/conftest2.o conftest.c >&5
configure:7736: $? = 0
configure:7758: result: yes
configure:7766: checking if gcc supports -c -o file.o
configure:7813: result: yes
configure:7846: checking whether the gcc linker (/usr/libexec/gcc/i686-apple-darwin10/4.2.1/ld) supports shared libraries
configure:8832: result: yes
configure:9071: checking dynamic linker characteristics
configure:9722: result: darwin10.7.0 dyld
configure:9824: checking how to hardcode library paths into programs
configure:9849: result: immediate
configure:10369: checking whether stripping libraries is possible
configure:10383: result: yes
configure:10409: checking if libtool supports shared libraries
configure:10411: result: yes
configure:10414: checking whether to build shared libraries
configure:10435: result: yes
configure:10438: checking whether to build static libraries
configure:10442: result: yes
configure:10526: checking for gcc
configure:10553: result: gcc
configure:10782: checking for C compiler version
configure:10791: gcc --version >&5
i686-apple-darwin10-gcc-4.2.1 (GCC) 4.2.1 (Apple Inc. build 5666) (dot 3)
Copyright (C) 2007 Free Software Foundation, Inc.
This is free software; see the source for copying conditions.  There is NO
warranty; not even for MERCHANTABILITY or FITNESS FOR A PARTICULAR PURPOSE.

configure:10802: $? = 0
configure:10791: gcc -v >&5
Using built-in specs.
Target: i686-apple-darwin10
Configured with: /var/tmp/gcc/gcc-5666.3~123/src/configure --disable-checking --enable-werror --prefix=/usr --mandir=/share/man --enable-languages=c,objc,c++,obj-c++ --program-transform-name=/^[cg][^.-]*$/s/$/-4.2/ --with-slibdir=/usr/lib --build=i686-apple-darwin10 --program-prefix=i686-apple-darwin10- --host=x86_64-apple-darwin10 --target=i686-apple-darwin10 --with-gxx-include-dir=/include/c++/4.2.1
Thread model: posix
gcc version 4.2.1 (Apple Inc. build 5666) (dot 3)
configure:10802: $? = 0
configure:10791: gcc -V >&5
gcc-4.2: argument to `-V' is missing
configure:10802: $? = 1
configure:10791: gcc -qversion >&5
i686-apple-darwin10-gcc-4.2.1: no input files
configure:10802: $? = 1
configure:10806: checking whether we are using the GNU C compiler
configure:10834: result: yes
configure:10843: checking whether gcc accepts -g
configure:10904: result: yes
configure:10921: checking for gcc option to accept ISO C89
configure:10998: result: none needed
configure:11020: checking dependency style of gcc
configure:11130: result: none
configure:11150: checking for library containing pthread_create
configure:11181: gcc -o conftest -O3 -g -O2   conftest.c  >&5
configure:11181: $? = 0
configure:11198: result: none required
configure:11210: checking for utimes
configure:11230: gcc -o conftest -O3 -g -O2   conftest.c  >&5
configure:11230: $? = 0
configure:11238: result: yes
configure:11244: checking for futimes
configure:11265: gcc -o conftest -O3 -g -O2   conftest.c  >&5
configure:11265: $? = 0
configure:11273: result: yes
configure:11279: checking for readahead
configure:11298: gcc -o conftest -O3 -g -O2   conftest.c  >&5
conftest.c: In function 'main':
conftest.c:36: error: 'ssize_t' undeclared (first use in this function)
conftest.c:36: error: (Each undeclared identifier is reported only once
conftest.c:36: error: for each function it appears in.)
conftest.c:36: error: expected ';' before 'res'
conftest.c:37: error: 'res' undeclared (first use in this function)
configure:11298: $? = 1
configure: failed program was:
| /* confdefs.h */
| #define PACKAGE_NAME ""
| #define PACKAGE_TARNAME ""
| #define PACKAGE_VERSION ""
| #define PACKAGE_STRING ""
| #define PACKAGE_BUGREPORT ""
| #define PACKAGE_URL ""
| #define PACKAGE "libeio"
| #define VERSION "1.0"
| #define STDC_HEADERS 1
| #define HAVE_SYS_TYPES_H 1
| #define HAVE_SYS_STAT_H 1
| #define HAVE_STDLIB_H 1
| #define HAVE_STRING_H 1
| #define HAVE_MEMORY_H 1
| #define HAVE_STRINGS_H 1
| #define HAVE_INTTYPES_H 1
| #define HAVE_STDINT_H 1
| #define HAVE_UNISTD_H 1
| #define __EXTENSIONS__ 1
| #define _ALL_SOURCE 1
| #define _GNU_SOURCE 1
| #define _POSIX_PTHREAD_SEMANTICS 1
| #define _TANDEM_SOURCE 1
| #define HAVE_DLFCN_H 1
| #define LT_OBJDIR ".libs/"
| #define HAVE_UTIMES 1
| #define HAVE_FUTIMES 1
| /* end confdefs.h.  */
| 
| #include <fcntl.h>
| int main (void)
| {
|    int fd = 0;
|    size_t count = 2;
|    ssize_t res;
|    res = readahead (fd, 0, count);
|    return 0;
| }
| 
configure:11306: result: no
configure:11312: checking for fdatasync
configure:11329: gcc -o conftest -O3 -g -O2   conftest.c  >&5
configure:11329: $? = 0
configure:11337: result: yes
configure:11343: checking for pread and pwrite
configure:11365: gcc -o conftest -O3 -g -O2   conftest.c  >&5
configure:11365: $? = 0
configure:11373: result: yes
configure:11379: checking for sendfile
configure:11415: gcc -o conftest -O3 -g -O2   conftest.c  >&5
configure:11415: $? = 0
configure:11423: result: yes
configure:11429: checking for sync_file_range
configure:11450: gcc -o conftest -O3 -g -O2   conftest.c  >&5
conftest.c: In function 'main':
conftest.c:38: error: 'off64_t' undeclared (first use in this function)
conftest.c:38: error: (Each undeclared identifier is reported only once
conftest.c:38: error: for each function it appears in.)
conftest.c:38: error: expected ';' before 'offset'
conftest.c:39: error: expected ';' before 'nbytes'
conftest.c:40: error: 'SYNC_FILE_RANGE_WAIT_BEFORE' undeclared (first use in this function)
conftest.c:40: error: 'SYNC_FILE_RANGE_WRITE' undeclared (first use in this function)
conftest.c:40: error: 'SYNC_FILE_RANGE_WAIT_AFTER' undeclared (first use in this function)
conftest.c:41: error: 'ssize_t' undeclared (first use in this function)
conftest.c:41: error: expected ';' before 'res'
conftest.c:42: error: 'res' undeclared (first use in this function)
conftest.c:42: error: 'offset' undeclared (first use in this function)
conftest.c:42: error: 'nbytes' undeclared (first use in this function)
configure:11450: $? = 1
configure: failed program was:
| /* confdefs.h */
| #define PACKAGE_NAME ""
| #define PACKAGE_TARNAME ""
| #define PACKAGE_VERSION ""
| #define PACKAGE_STRING ""
| #define PACKAGE_BUGREPORT ""
| #define PACKAGE_URL ""
| #define PACKAGE "libeio"
| #define VERSION "1.0"
| #define STDC_HEADERS 1
| #define HAVE_SYS_TYPES_H 1
| #define HAVE_SYS_STAT_H 1
| #define HAVE_STDLIB_H 1
| #define HAVE_STRING_H 1
| #define HAVE_MEMORY_H 1
| #define HAVE_STRINGS_H 1
| #define HAVE_INTTYPES_H 1
| #define HAVE_STDINT_H 1
| #define HAVE_UNISTD_H 1
| #define __EXTENSIONS__ 1
| #define _ALL_SOURCE 1
| #define _GNU_SOURCE 1
| #define _POSIX_PTHREAD_SEMANTICS 1
| #define _TANDEM_SOURCE 1
| #define HAVE_DLFCN_H 1
| #define LT_OBJDIR ".libs/"
| #define HAVE_UTIMES 1
| #define HAVE_FUTIMES 1
| #define HAVE_FDATASYNC 1
| #define HAVE_PREADWRITE 1
| #define HAVE_SENDFILE 1
| /* end confdefs.h.  */
| 
| #include <fcntl.h>
| int main (void)
| {
|    int fd = 0;
|    off64_t offset = 1;
|    off64_t nbytes = 1;
|    unsigned int flags = SYNC_FILE_RANGE_WAIT_BEFORE|SYNC_FILE_RANGE_WRITE|SYNC_FILE_RANGE_WAIT_AFTER;
|    ssize_t res;
|    res = sync_file_range (fd, offset, nbytes, flags);
|    return 0;
| }
| 
configure:11458: result: no
configure:11465: checking for posix_madvise
configure:11485: gcc -o conftest -O3 -g -O2   conftest.c  >&5
configure:11485: $? = 0
configure:11493: result: yes
configure:11499: checking for posix_fadvise
configure:11521: gcc -o conftest -O3 -g -O2   conftest.c  >&5
conftest.c: In function 'main':
conftest.c:39: error: 'POSIX_FADV_NORMAL' undeclared (first use in this function)
conftest.c:39: error: (Each undeclared identifier is reported only once
conftest.c:39: error: for each function it appears in.)
conftest.c:40: error: 'POSIX_FADV_SEQUENTIAL' undeclared (first use in this function)
conftest.c:41: error: 'POSIX_FADV_NOREUSE' undeclared (first use in this function)
conftest.c:42: error: 'POSIX_FADV_RANDOM' undeclared (first use in this function)
conftest.c:43: error: 'POSIX_FADV_WILLNEED' undeclared (first use in this function)
conftest.c:44: error: 'POSIX_FADV_DONTNEED' undeclared (first use in this function)
configure:11521: $? = 1
configure: failed program was:
| /* confdefs.h */
| #define PACKAGE_NAME ""
| #define PACKAGE_TARNAME ""
| #define PACKAGE_VERSION ""
| #define PACKAGE_STRING ""
| #define PACKAGE_BUGREPORT ""
| #define PACKAGE_URL ""
| #define PACKAGE "libeio"
| #define VERSION "1.0"
| #define STDC_HEADERS 1
| #define HAVE_SYS_TYPES_H 1
| #define HAVE_SYS_STAT_H 1
| #define HAVE_STDLIB_H 1
| #define HAVE_STRING_H 1
| #define HAVE_MEMORY_H 1
| #define HAVE_STRINGS_H 1
| #define HAVE_INTTYPES_H 1
| #define HAVE_STDINT_H 1
| #define HAVE_UNISTD_H 1
| #define __EXTENSIONS__ 1
| #define _ALL_SOURCE 1
| #define _GNU_SOURCE 1
| #define _POSIX_PTHREAD_SEMANTICS 1
| #define _TANDEM_SOURCE 1
| #define HAVE_DLFCN_H 1
| #define LT_OBJDIR ".libs/"
| #define HAVE_UTIMES 1
| #define HAVE_FUTIMES 1
| #define HAVE_FDATASYNC 1
| #define HAVE_PREADWRITE 1
| #define HAVE_SENDFILE 1
| #define HAVE_POSIX_MADVISE 1
| /* end confdefs.h.  */
| 
| #define _XOPEN_SOURCE 600
| #include <fcntl.h>
| int main (void)
| {
|    int res = posix_fadvise ((int)0, (off_t)0, (off_t)0, POSIX_FADV_NORMAL);
|    int a = POSIX_FADV_SEQUENTIAL;
|    int b = POSIX_FADV_NOREUSE;
|    int c = POSIX_FADV_RANDOM;
|    int d = POSIX_FADV_WILLNEED;
|    int e = POSIX_FADV_DONTNEED;
|    return 0;
| }
| 
configure:11529: result: no
configure:11665: creating ./config.status

## ---------------------- ##
## Running config.status. ##
## ---------------------- ##

This file was extended by config.status, which was
generated by GNU Autoconf 2.65.  Invocation command line was

  CONFIG_FILES    = 
  CONFIG_HEADERS  = 
  CONFIG_LINKS    = 
  CONFIG_COMMANDS = 
  $ ./config.status 

on methodmissing-2.local

config.status:1073: creating Makefile
config.status:1073: creating config.h
config.status:1245: config.h is unchanged
config.status:1293: executing depfiles commands
config.status:1293: executing libtool commands

## ---------------- ##
## Cache variables. ##
## ---------------- ##

ac_cv_build=x86_64-apple-darwin10.7.0
ac_cv_c_compiler_gnu=yes
ac_cv_env_CC_set=
ac_cv_env_CC_value=
ac_cv_env_CFLAGS_set=
ac_cv_env_CFLAGS_value=
ac_cv_env_CPPFLAGS_set=
ac_cv_env_CPPFLAGS_value=
ac_cv_env_CPP_set=
ac_cv_env_CPP_value=
ac_cv_env_LDFLAGS_set=
ac_cv_env_LDFLAGS_value=
ac_cv_env_LIBS_set=
ac_cv_env_LIBS_value=
ac_cv_env_build_alias_set=
ac_cv_env_build_alias_value=
ac_cv_env_host_alias_set=
ac_cv_env_host_alias_value=
ac_cv_env_target_alias_set=
ac_cv_env_target_alias_value=
ac_cv_fdatasync=yes
ac_cv_futimes=yes
ac_cv_header_dlfcn_h=yes
ac_cv_header_inttypes_h=yes
ac_cv_header_memory_h=yes
ac_cv_header_minix_config_h=no
ac_cv_header_stdc=yes
ac_cv_header_stdint_h=yes
ac_cv_header_stdlib_h=yes
ac_cv_header_string_h=yes
ac_cv_header_strings_h=yes
ac_cv_header_sys_stat_h=yes
ac_cv_header_sys_types_h=yes
ac_cv_header_unistd_h=yes
ac_cv_host=x86_64-apple-darwin10.7.0
ac_cv_objext=o
ac_cv_path_EGREP='/usr/bin/grep -E'
ac_cv_path_FGREP='/usr/bin/grep -F'
ac_cv_path_GREP=/usr/bin/grep
ac_cv_path_SED=/opt/local/bin/gsed
ac_cv_path_install='/usr/bin/install -c'
ac_cv_posix_fadvise=no
ac_cv_posix_madvise=yes
ac_cv_preadwrite=yes
ac_cv_prog_AWK=gawk
ac_cv_prog_CPP='gcc -E'
ac_cv_prog_ac_ct_AR=ar
ac_cv_prog_ac_ct_CC=gcc
ac_cv_prog_ac_ct_DSYMUTIL=dsymutil
ac_cv_prog_ac_ct_LIPO=lipo
ac_cv_prog_ac_ct_NMEDIT=nmedit
ac_cv_prog_ac_ct_OTOOL=otool
ac_cv_prog_ac_ct_RANLIB=ranlib
ac_cv_prog_ac_ct_STRIP=strip
ac_cv_prog_cc_c89=
ac_cv_prog_cc_g=yes
ac_cv_prog_make_make_set=yes
ac_cv_readahead=no
ac_cv_safe_to_define___extensions__=yes
ac_cv_search_pthread_create='none required'
ac_cv_sendfile=yes
ac_cv_sync_file_range=no
ac_cv_utimes=yes
am_cv_CC_dependencies_compiler_type=none
lt_cv_apple_cc_single_mod=yes
lt_cv_deplibs_check_method=pass_all
lt_cv_file_magic_cmd='$MAGIC_CMD'
lt_cv_file_magic_test_file=
lt_cv_ld_exported_symbols_list=yes
lt_cv_ld_reload_flag=-r
lt_cv_nm_interface='BSD nm'
lt_cv_objdir=.libs
lt_cv_path_LD=/usr/libexec/gcc/i686-apple-darwin10/4.2.1/ld
lt_cv_path_NM=/usr/bin/nm
lt_cv_prog_compiler_c_o=yes
lt_cv_prog_compiler_pic_works=yes
lt_cv_prog_compiler_rtti_exceptions=no
lt_cv_prog_compiler_static_works=no
lt_cv_prog_gnu_ld=no
lt_cv_sys_global_symbol_pipe='sed -n -e '\''s/^.*[	 ]\([BCDEGRST][BCDEGRST]*\)[	 ][	 ]*_\([_A-Za-z][_A-Za-z0-9]*\)$/\1 _\2 \2/p'\'''
lt_cv_sys_global_symbol_to_c_name_address='sed -n -e '\''s/^: \([^ ]*\) $/  {\"\1\", (void *) 0},/p'\'' -e '\''s/^[BCDEGRST]* \([^ ]*\) \([^ ]*\)$/  {"\2", (void *) \&\2},/p'\'''
lt_cv_sys_global_symbol_to_c_name_address_lib_prefix='sed -n -e '\''s/^: \([^ ]*\) $/  {\"\1\", (void *) 0},/p'\'' -e '\''s/^[BCDEGRST]* \([^ ]*\) \(lib[^ ]*\)$/  {"\2", (void *) \&\2},/p'\'' -e '\''s/^[BCDEGRST]* \([^ ]*\) \([^ ]*\)$/  {"lib\2", (void *) \&\2},/p'\'''
lt_cv_sys_global_symbol_to_cdecl='sed -n -e '\''s/^T .* \(.*\)$/extern int \1();/p'\'' -e '\''s/^[BCDEGRST]* .* \(.*\)$/extern char \1;/p'\'''
lt_cv_sys_max_cmd_len=196608

## ----------------- ##
## Output variables. ##
## ----------------- ##

ACLOCAL='${SHELL} /Users/lourens/projects/eio/ext/libeio/missing --run aclocal-1.11'
AMDEPBACKSLASH='\'
AMDEP_FALSE='#'
AMDEP_TRUE=''
AMTAR='${SHELL} /Users/lourens/projects/eio/ext/libeio/missing --run tar'
AR='ar'
AUTOCONF='${SHELL} /Users/lourens/projects/eio/ext/libeio/missing --run autoconf'
AUTOHEADER='${SHELL} /Users/lourens/projects/eio/ext/libeio/missing --run autoheader'
AUTOMAKE='${SHELL} /Users/lourens/projects/eio/ext/libeio/missing --run automake-1.11'
AWK='gawk'
CC='gcc'
CCDEPMODE='depmode=none'
CFLAGS='-O3 -g -O2'
CPP='gcc -E'
CPPFLAGS=''
CYGPATH_W='echo'
DEFS='-DHAVE_CONFIG_H'
DEPDIR='.deps'
DSYMUTIL='dsymutil'
DUMPBIN=''
ECHO_C='\c'
ECHO_N=''
ECHO_T=''
EGREP='/usr/bin/grep -E'
EXEEXT=''
FGREP='/usr/bin/grep -F'
GREP='/usr/bin/grep'
INSTALL_DATA='${INSTALL} -m 644'
INSTALL_PROGRAM='${INSTALL}'
INSTALL_SCRIPT='${INSTALL}'
INSTALL_STRIP_PROGRAM='$(install_sh) -c -s'
LD='/usr/libexec/gcc/i686-apple-darwin10/4.2.1/ld'
LDFLAGS=''
LIBOBJS=''
LIBS=''
LIBTOOL='$(SHELL) $(top_builddir)/libtool'
LIPO='lipo'
LN_S='ln -s'
LTLIBOBJS=''
MAINT='#'
MAINTAINER_MODE_FALSE=''
MAINTAINER_MODE_TRUE='#'
MAKEINFO='${SHELL} /Users/lourens/projects/eio/ext/libeio/missing --run makeinfo'
MKDIR_P='./install-sh -c -d'
NM='/usr/bin/nm'
NMEDIT='nmedit'
OBJDUMP='false'
OBJEXT='o'
OTOOL64=':'
OTOOL='otool'
PACKAGE='libeio'
PACKAGE_BUGREPORT=''
PACKAGE_NAME=''
PACKAGE_STRING=''
PACKAGE_TARNAME=''
PACKAGE_URL=''
PACKAGE_VERSION=''
PATH_SEPARATOR=':'
RANLIB='ranlib'
SED='/opt/local/bin/gsed'
SET_MAKE=''
SHELL='/bin/sh'
STRIP='strip'
VERSION='1.0'
ac_ct_CC='gcc'
ac_ct_DUMPBIN=''
am__EXEEXT_FALSE=''
am__EXEEXT_TRUE='#'
am__fastdepCC_FALSE=''
am__fastdepCC_TRUE='#'
am__include='include'
am__isrc=''
am__leading_dot='.'
am__quote=''
am__tar='${AMTAR} chof - "$$tardir"'
am__untar='${AMTAR} xf -'
bindir='${exec_prefix}/bin'
build='x86_64-apple-darwin10.7.0'
build_alias=''
build_cpu='x86_64'
build_os='darwin10.7.0'
build_vendor='apple'
datadir='${datarootdir}'
datarootdir='${prefix}/share'
docdir='${datarootdir}/doc/${PACKAGE}'
dvidir='${docdir}'
exec_prefix='${prefix}'
host='x86_64-apple-darwin10.7.0'
host_alias=''
host_cpu='x86_64'
host_os='darwin10.7.0'
host_vendor='apple'
htmldir='${docdir}'
includedir='${prefix}/include'
infodir='${datarootdir}/info'
install_sh='${SHELL} /Users/lourens/projects/eio/ext/libeio/install-sh'
libdir='${exec_prefix}/lib'
libexecdir='${exec_prefix}/libexec'
localedir='${datarootdir}/locale'
localstatedir='${prefix}/var'
lt_ECHO='/bin/echo'
mandir='${datarootdir}/man'
mkdir_p='$(top_builddir)/./install-sh -c -d'
oldincludedir='/usr/include'
pdfdir='${docdir}'
prefix='/usr/local'
program_transform_name='s,x,x,'
psdir='${docdir}'
sbindir='${exec_prefix}/sbin'
sharedstatedir='${prefix}/com'
sysconfdir='${prefix}/etc'
target_alias=''

## ----------- ##
## confdefs.h. ##
## ----------- ##

/* confdefs.h */
#define PACKAGE_NAME ""
#define PACKAGE_TARNAME ""
#define PACKAGE_VERSION ""
#define PACKAGE_STRING ""
#define PACKAGE_BUGREPORT ""
#define PACKAGE_URL ""
#define PACKAGE "libeio"
#define VERSION "1.0"
#define STDC_HEADERS 1
#define HAVE_SYS_TYPES_H 1
#define HAVE_SYS_STAT_H 1
#define HAVE_STDLIB_H 1
#define HAVE_STRING_H 1
#define HAVE_MEMORY_H 1
#define HAVE_STRINGS_H 1
#define HAVE_INTTYPES_H 1
#define HAVE_STDINT_H 1
#define HAVE_UNISTD_H 1
#define __EXTENSIONS__ 1
#define _ALL_SOURCE 1
#define _GNU_SOURCE 1
#define _POSIX_PTHREAD_SEMANTICS 1
#define _TANDEM_SOURCE 1
#define HAVE_DLFCN_H 1
#define LT_OBJDIR ".libs/"
#define HAVE_UTIMES 1
#define HAVE_FUTIMES 1
#define HAVE_FDATASYNC 1
#define HAVE_PREADWRITE 1
#define HAVE_SENDFILE 1
#define HAVE_POSIX_MADVISE 1

configure: exit 0
